template/app/build/outputs/logs/manifest-merger-debug-report.txt
-- Merging decision tree log ---
manifest
ADDED from src/main/AndroidManifest.xml:9:1-36:12
	package
		ADDED from src/main/AndroidManifest.xml:10:5-37
		INJECTED from src/main/AndroidManifest.xml
		INJECTED from src/main/AndroidManifest.xml
	xmlns:android
		ADDED from src/main/AndroidManifest.xml:9:11-69
	android:installLocation
		ADDED from src/main/AndroidManifest.xml:11:5-35
application
ADDED from src/main/AndroidManifest.xml:13:5-25:19
	android:label
		ADDED from src/main/AndroidManifest.xml:14:9-41
	android:hardwareAccelerated
		ADDED from src/main/AndroidManifest.xml:14:42-76
	android:icon
		ADDED from src/main/AndroidManifest.xml:15:9-43
activity#org.xwalk.app.template.AppTemplateActivity
ADDED from src/main/AndroidManifest.xml:16:9-24:20
	android:label
		ADDED from src/main/AndroidManifest.xml:19:13-45
	android:configChanges
		ADDED from src/main/AndroidManifest.xml:18:13-83
	android:theme
		ADDED from src/main/AndroidManifest.xml:17:13-44
	android:name
		ADDED from src/main/AndroidManifest.xml:16:19-76
intent-filter#android.intent.action.MAIN+android.intent.category.LAUNCHER
ADDED from src/main/AndroidManifest.xml:20:11-23:27
action#android.intent.action.MAIN
ADDED from src/main/AndroidManifest.xml:21:13-65
	android:name
		ADDED from src/main/AndroidManifest.xml:21:21-62
category#android.intent.category.LAUNCHER
ADDED from src/main/AndroidManifest.xml:22:13-73
	android:name
		ADDED from src/main/AndroidManifest.xml:22:23-70
uses-sdk
ADDED from src/main/AndroidManifest.xml:27:3-72
	android:targetSdkVersion
		ADDED from src/main/AndroidManifest.xml:27:40-69
		INJECTED from src/main/AndroidManifest.xml
		INJECTED from src/main/AndroidManifest.xml
	android:minSdkVersion
		ADDED from src/main/AndroidManifest.xml:27:13-39
		INJECTED from src/main/AndroidManifest.xml
		INJECTED from src/main/AndroidManifest.xml
uses-permission#android.permission.ACCESS_NETWORK_STATE
ADDED from src/main/AndroidManifest.xml:28:3-76
	android:name
		ADDED from src/main/AndroidManifest.xml:28:20-74
uses-permission#android.permission.ACCESS_WIFI_STATE
ADDED from src/main/AndroidManifest.xml:29:3-74
	android:name
		ADDED from src/main/AndroidManifest.xml:29:20-71
uses-permission#android.permission.CAMERA
ADDED from src/main/AndroidManifest.xml:30:3-62
	android:name
		ADDED from src/main/AndroidManifest.xml:30:20-60
uses-permission#android.permission.INTERNET
ADDED from src/main/AndroidManifest.xml:31:3-64
	android:name
		ADDED from src/main/AndroidManifest.xml:31:20-62
uses-permission#android.permission.MODIFY_AUDIO_SETTINGS
ADDED from src/main/AndroidManifest.xml:32:3-77
	android:name
		ADDED from src/main/AndroidManifest.xml:32:20-75
uses-permission#android.permission.RECORD_AUDIO
ADDED from src/main/AndroidManifest.xml:33:3-68
	android:name
		ADDED from src/main/AndroidManifest.xml:33:20-66
uses-permission#android.permission.WAKE_LOCK
ADDED from src/main/AndroidManifest.xml:34:3-65
	android:name
		ADDED from src/main/AndroidManifest.xml:34:20-63
uses-permission#android.permission.WRITE_EXTERNAL_STORAGE
ADDED from src/main/AndroidManifest.xml:35:3-79
	android:name
		ADDED from src/main/AndroidManifest.xml:35:20-76